<?xml version="1.0" encoding="UTF-8"?>
<!-- Generated by org.testng.reporters.JUnitReportReporter -->
<testsuite hostname="N-IND-LTP-324" failures="0" tests="34" name="com.wheelpros.qa.testcases.CreditAppCATestCase1" time="801.145" errors="0" timestamp="2023-04-26T16:35:16 IST" skipped="0">
  <testcase classname="com.wheelpros.qa.testcases.CreditAppCATestCase1" name="excludeDataGuarantor2PersonalGuaranteeLastName" time="32.647"/>
  <system-out/>
  <testcase classname="com.wheelpros.qa.testcases.CreditAppCATestCase1" name="excludeDataGuarantor1PersonalGuaranteePostalCode" time="17.068"/>
  <system-out/>
  <testcase classname="com.wheelpros.qa.testcases.CreditAppCATestCase1" name="validDataAllMandatoryFieldsCreditTerms" time="15.799"/>
  <system-out/>
  <testcase classname="com.wheelpros.qa.testcases.CreditAppCATestCase1" name="excludeDataGuarantor1PersonalGuaranteeSignature" time="18.243"/>
  <system-out/>
  <testcase classname="com.wheelpros.qa.testcases.CreditAppCATestCase1" name="excludeDataGuarantor2PersonalGuaranteeFirstName" time="17.574"/>
  <system-out/>
  <testcase classname="com.wheelpros.qa.testcases.CreditAppCATestCase1" name="validPostalCodePerosnalGuaranteeCa" time="36.717"/>
  <system-out/>
  <testcase classname="com.wheelpros.qa.testcases.CreditAppCATestCase1" name="validDataGuarantor1PersonalGuarantee" time="19.707"/>
  <system-out/>
  <testcase classname="com.wheelpros.qa.testcases.CreditAppCATestCase1" name="excludeDataGuarantor1PersonalGuaranteeProvince" time="31.006"/>
  <system-out/>
  <testcase classname="com.wheelpros.qa.testcases.CreditAppCATestCase1" name="testProvinceCompanyca" time="44.093"/>
  <system-out/>
  <testcase classname="com.wheelpros.qa.testcases.CreditAppCATestCase1" name="excludeDataGuarantor2PersonalGuaranteePostalCode" time="24.288"/>
  <system-out/>
  <testcase classname="com.wheelpros.qa.testcases.CreditAppCATestCase1" name="excludeDataGuarantor1PersonalGuaranteeStreetAddress" time="17.228"/>
  <system-out/>
  <testcase classname="com.wheelpros.qa.testcases.CreditAppCATestCase1" name="validPostalCodeCreditTermsCa" time="66.433"/>
  <system-out/>
  <testcase classname="com.wheelpros.qa.testcases.CreditAppCATestCase1" name="validDataInCreditReference1CreditTerms" time="16.921"/>
  <system-out/>
  <testcase classname="com.wheelpros.qa.testcases.CreditAppCATestCase1" name="testProvinceCreditca" time="48.627"/>
  <system-out/>
  <testcase classname="com.wheelpros.qa.testcases.CreditAppCATestCase1" name="validDataInCreditReference2CreditTerms" time="12.805"/>
  <system-out/>
  <testcase classname="com.wheelpros.qa.testcases.CreditAppCATestCase1" name="ProjectedMonthlyPurchaseTotalCreditTerms" time="13.189"/>
  <system-out/>
  <testcase classname="com.wheelpros.qa.testcases.CreditAppCATestCase1" name="excludeDataGuarantor2PersonalGuaranteeCity" time="28.768"/>
  <system-out/>
  <testcase classname="com.wheelpros.qa.testcases.CreditAppCATestCase1" name="excludeDataGuarantor1PersonalGuaranteeLastName" time="22.682"/>
  <system-out/>
  <testcase classname="com.wheelpros.qa.testcases.CreditAppCATestCase1" name="excludeDataGuarantor2PersonalGuaranteeSign" time="31.429"/>
  <system-out/>
  <testcase classname="com.wheelpros.qa.testcases.CreditAppCATestCase1" name="clickNoCreditTerms" time="11.109"/>
  <system-out/>
  <testcase classname="com.wheelpros.qa.testcases.CreditAppCATestCase1" name="clickYesCreditTerms" time="9.731"/>
  <system-out/>
  <testcase classname="com.wheelpros.qa.testcases.CreditAppCATestCase1" name="excludeDataGuarantor1PersonalGuaranteeFirstName" time="22.619"/>
  <system-out/>
  <testcase classname="com.wheelpros.qa.testcases.CreditAppCATestCase1" name="clickIDoNotWishToAuthorizePersonalGuarantee" time="17.952"/>
  <system-out/>
  <testcase classname="com.wheelpros.qa.testcases.CreditAppCATestCase1" name="clickIAcknowledgeAndAuthorizeTheContinuingPersonalGuarantee" time="17.576"/>
  <system-out/>
  <testcase classname="com.wheelpros.qa.testcases.CreditAppCATestCase1" name="validPostalCodeCompanyCa" time="53.998"/>
  <system-out/>
  <testcase classname="com.wheelpros.qa.testcases.CreditAppCATestCase1" name="excludeDataGuarantor2PersonalGuaranteeProvince" time="20.244"/>
  <system-out/>
  <testcase classname="com.wheelpros.qa.testcases.CreditAppCATestCase1" name="excludeDataGuarantor2PersonalGuaranteeStreetAddress" time="17.684"/>
  <system-out/>
  <testcase classname="com.wheelpros.qa.testcases.CreditAppCATestCase1" name="invalidPostalCodeCreditCa" time="28.971"/>
  <system-out/>
  <testcase classname="com.wheelpros.qa.testcases.CreditAppCATestCase1" name="excludeDataGuarantor2PersonalGuaranteeSin" time="17.463"/>
  <system-out/>
  <testcase classname="com.wheelpros.qa.testcases.CreditAppCATestCase1" name="validDataInOwner2CreditTerms" time="13.017"/>
  <system-out/>
  <testcase classname="com.wheelpros.qa.testcases.CreditAppCATestCase1" name="invalidPostalCodeCompanyCa" time="8.173"/>
  <system-out/>
  <testcase classname="com.wheelpros.qa.testcases.CreditAppCATestCase1" name="validDataInOwner1CreditTerms" time="13.623"/>
  <system-out/>
  <testcase classname="com.wheelpros.qa.testcases.CreditAppCATestCase1" name="validDataInSignerInformationCreditTerms" time="17.576"/>
  <system-out/>
  <testcase classname="com.wheelpros.qa.testcases.CreditAppCATestCase1" name="excludeDataGuarantor1PersonalGuaranteeCity" time="16.185"/>
  <system-out/>
</testsuite> <!-- com.wheelpros.qa.testcases.CreditAppCATestCase1 -->
