<?xml version="1.0" encoding="UTF-8"?>
<!-- Generated by org.testng.reporters.JUnitReportReporter -->
<testsuite hostname="N-IND-LTP-324" failures="0" tests="1" name="com.wheelpros.qa.testcases.MagentoDealerLineTestCases" time="18.450" errors="0" timestamp="2023-05-02T16:04:15 IST" skipped="0">
  <testcase classname="com.wheelpros.qa.testcases.MagentoDealerLineTestCases" name="testTotalpriceofTotalqtyinCart" time="18.450"/>
  <system-out/>
</testsuite> <!-- com.wheelpros.qa.testcases.MagentoDealerLineTestCases -->
