<?xml version="1.0" encoding="UTF-8"?>
<!-- Generated by org.testng.reporters.JUnitReportReporter -->
<testsuite hostname="N-IND-LTP-324" failures="0" tests="1" name="com.wheelpros.qa.testcases.DealerLineUSTestcases" time="18.870" errors="0" timestamp="2023-03-15T19:49:27 IST" skipped="0">
  <testcase classname="com.wheelpros.qa.testcases.DealerLineUSTestcases" name="testPrice" time="18.870"/>
  <system-out/>
</testsuite> <!-- com.wheelpros.qa.testcases.DealerLineUSTestcases -->
