<?xml version="1.0" encoding="UTF-8"?>
<!-- Generated by org.testng.reporters.JUnitReportReporter -->
<testsuite hostname="N-IND-LTP-324" failures="0" tests="1" name="com.wheelpros.qa.testcases.HeroKuAppTestCase" time="6.905" errors="0" timestamp="2023-03-08T21:24:49 IST" skipped="0">
  <testcase classname="com.wheelpros.qa.testcases.HeroKuAppTestCase" name="heroTest" time="6.905"/>
  <system-out/>
</testsuite> <!-- com.wheelpros.qa.testcases.HeroKuAppTestCase -->
