<?xml version="1.0" encoding="UTF-8"?>
<!-- Generated by org.testng.reporters.JUnitReportReporter -->
<testsuite hostname="DESKTOP-7R83H00" failures="0" tests="5" name="com.wheelspro.qa.testcases.CreditAppCATestCase" time="86.155" errors="0" timestamp="2022-10-11T01:44:55 IST" skipped="0">
  <testcase classname="com.wheelspro.qa.testcases.CreditAppCATestCase" name="personalGuaranteeMandatoryFieldErrorMessageValidations" time="19.233"/>
  <system-out/>
  <testcase classname="com.wheelspro.qa.testcases.CreditAppCATestCase" name="creditTermsMandatoryFieldErrorMessageValidations" time="14.724"/>
  <system-out/>
  <testcase classname="com.wheelspro.qa.testcases.CreditAppCATestCase" name="contactMandatoryFieldErrorMessageValidations" time="16.932"/>
  <system-out/>
  <testcase classname="com.wheelspro.qa.testcases.CreditAppCATestCase" name="companyMandatoryFieldErrorMessageValidations" time="7.114"/>
  <system-out/>
  <testcase classname="com.wheelspro.qa.testcases.CreditAppCATestCase" name="dealerEnrollmentTest" time="28.152"/>
  <system-out/>
</testsuite> <!-- com.wheelspro.qa.testcases.CreditAppCATestCase -->
