<?xml version="1.0" encoding="UTF-8"?>
<!-- Generated by org.testng.reporters.JUnitReportReporter -->
<testsuite hostname="N-IND-LTP-324" failures="0" tests="14" name="com.wheelpros.qa.testcases.CreditAppUSTestCase" time="499.804" errors="0" timestamp="2023-04-26T17:24:47 IST" skipped="0">
  <testcase classname="com.wheelpros.qa.testcases.CreditAppUSTestCase" name="creditTermsClearSignatureandclearTermsCondition" time="25.598"/>
  <system-out/>
  <testcase classname="com.wheelpros.qa.testcases.CreditAppUSTestCase" name="testAllstateCreditTerms" time="60.816"/>
  <system-out/>
  <testcase classname="com.wheelpros.qa.testcases.CreditAppUSTestCase" name="contactMandatoryFieldErrorMessageValidations" time="26.009"/>
  <system-out/>
  <testcase classname="com.wheelpros.qa.testcases.CreditAppUSTestCase" name="companyMandatoryFieldErrorMessageValidations" time="6.891"/>
  <system-out/>
  <testcase classname="com.wheelpros.qa.testcases.CreditAppUSTestCase" name="testStateCreditTermsPage" time="20.582"/>
  <system-out/>
  <testcase classname="com.wheelpros.qa.testcases.CreditAppUSTestCase" name="testState" time="87.835"/>
  <system-out/>
  <testcase classname="com.wheelpros.qa.testcases.CreditAppUSTestCase" name="PersonalGuaranteeMandatoryFieldErrorMessageValidations" time="40.634"/>
  <system-out/>
  <testcase classname="com.wheelpros.qa.testcases.CreditAppUSTestCase" name="dealerEnrollmentTest" time="25.528"/>
  <system-out/>
  <testcase classname="com.wheelpros.qa.testcases.CreditAppUSTestCase" name="testAllStatePersonalGuarantee" time="18.035"/>
  <system-out/>
  <testcase classname="com.wheelpros.qa.testcases.CreditAppUSTestCase" name="creditTermsMandatoryFieldErrorMessageValidations" time="27.788"/>
  <system-out/>
  <testcase classname="com.wheelpros.qa.testcases.CreditAppUSTestCase" name="creditTermsSelectNoSubmit" time="17.969"/>
  <system-out/>
  <testcase classname="com.wheelpros.qa.testcases.CreditAppUSTestCase" name="testAllStatetest" time="97.526"/>
  <system-out/>
  <testcase classname="com.wheelpros.qa.testcases.CreditAppUSTestCase" name="personalGuaranteeIDoNotWishSubmit" time="23.248"/>
  <system-out/>
  <testcase classname="com.wheelpros.qa.testcases.CreditAppUSTestCase" name="testBilling" time="21.345"/>
  <system-out/>
</testsuite> <!-- com.wheelpros.qa.testcases.CreditAppUSTestCase -->
